<?xml version="1.0" encoding="UTF-8" standalone="no"?>
<VisUAL xmlns="http://bitbucket.org/salmanarif/visual">
    <line id="66">
        <code>end</code>
        <register name="R0">0x2D</register>
        <register name="R1">0x2C</register>
        <register name="R2">0x1</register>
        <register name="R3">0x10000</register>
        <register name="R4">0x0</register>
        <register name="R5">0x0</register>
        <register name="R6">0x0</register>
        <register name="R7">0x0</register>
        <register name="R8">0x0</register>
        <register name="R9">0x0</register>
        <register name="R10">0x0</register>
        <register name="R11">0x0</register>
        <register name="R12">0x0</register>
        <register name="R13">0xFF000000</register>
        <register name="R14">0x0</register>
        <register name="R15">0xC8</register>
        <cycles>0</cycles>
    </line>
    <line id="64">
        <code>str	r0, [r3]</code>
        <register name="R0">0x2D</register>
        <register name="R1">0x2C</register>
        <register name="R2">0x1</register>
        <register name="R3">0x10000</register>
        <register name="R4">0x0</register>
        <register name="R5">0x0</register>
        <register name="R6">0x0</register>
        <register name="R7">0x0</register>
        <register name="R8">0x0</register>
        <register name="R9">0x0</register>
        <register name="R10">0x0</register>
        <register name="R11">0x0</register>
        <register name="R12">0x0</register>
        <register name="R13">0xFF000000</register>
        <register name="R14">0x0</register>
        <register name="R15">0xC8</register>
        <cycles>0</cycles>
    </line>
</VisUAL>
